[31merror[39m |  Nov-09-2021 15:14:11 | HUBO UN ERROR Failed to deserialize user out of session
[31merror[39m |  Nov-09-2021 15:15:45 | HUBO UN ERROR Failed to deserialize user out of session
[31merror[39m |  Nov-09-2021 15:22:18 | HUBO UN ERROR Failed to deserialize user out of session
[31merror[39m |  Nov-09-2021 15:22:24 | HUBO UN ERROR Failed to deserialize user out of session
[31merror[39m |  Nov-09-2021 15:22:31 | HUBO UN ERROR Failed to deserialize user out of session
[31merror[39m |  Nov-09-2021 15:46:05 | HUBO UN ERROR Cannot read property 'id' of undefined
[31merror[39m |  Nov-09-2021 19:37:54 | HUBO UN ERROR Unexpected string in JSON at position 209
[31merror[39m |  Nov-10-2021 15:25:24 | _gmail.GmailService is not a constructor
[31merror[39m |  Nov-10-2021 16:11:14 | HUBO UN ERROR Unexpected string in JSON at position 49
[31merror[39m |  Nov-11-2021 12:00:57 | Cannot destructure property 'username' of 'req.body' as it is undefined.
[31merror[39m |  Nov-11-2021 13:07:57 | _gmail.GmailService is not a constructor
[31merror[39m |  Nov-23-2021 11:44:35 | HUBO UN ERROR Cannot read property 'passport' of undefined
[31merror[39m |  Nov-23-2021 11:44:35 | HUBO UN ERROR Cannot read property 'passport' of undefined
[31merror[39m |  Nov-23-2021 11:44:52 | HUBO UN ERROR Cannot read property 'passport' of undefined
[31merror[39m |  Nov-23-2021 11:44:52 | HUBO UN ERROR Cannot read property 'passport' of undefined
[31merror[39m |  Nov-23-2021 11:45:17 | HUBO UN ERROR Cannot read property 'passport' of undefined
[31merror[39m |  Nov-23-2021 11:45:17 | HUBO UN ERROR Cannot read property 'passport' of undefined
[31merror[39m |  Nov-23-2021 11:45:29 | HUBO UN ERROR Cannot read property 'passport' of undefined
[31merror[39m |  Nov-23-2021 11:45:29 | HUBO UN ERROR Cannot read property 'passport' of undefined
[31merror[39m |  Nov-23-2021 11:46:03 | HUBO UN ERROR Cannot read property 'passport' of undefined
[31merror[39m |  Nov-23-2021 11:46:03 | HUBO UN ERROR Cannot read property 'passport' of undefined
[31merror[39m |  Nov-23-2021 11:46:16 | HUBO UN ERROR Cannot read property 'passport' of undefined
[31merror[39m |  Nov-23-2021 11:46:16 | HUBO UN ERROR Cannot read property 'passport' of undefined
[31merror[39m |  Nov-23-2021 11:48:48 | HUBO UN ERROR Cannot read property 'passport' of undefined
[31merror[39m |  Nov-23-2021 11:48:48 | HUBO UN ERROR Cannot read property 'passport' of undefined
[31merror[39m |  Nov-23-2021 11:49:47 | HUBO UN ERROR Cannot read property 'passport' of undefined
[31merror[39m |  Nov-23-2021 11:49:47 | HUBO UN ERROR Cannot read property 'passport' of undefined
[31merror[39m |  Nov-23-2021 11:51:25 | HUBO UN ERROR Cannot read property 'passport' of undefined
[31merror[39m |  Nov-23-2021 11:51:25 | HUBO UN ERROR Cannot read property 'passport' of undefined
[31merror[39m |  Nov-23-2021 11:53:20 | HUBO UN ERROR Cannot read property 'passport' of undefined
[31merror[39m |  Nov-23-2021 11:53:20 | HUBO UN ERROR Cannot read property 'passport' of undefined
[31merror[39m |  Nov-23-2021 11:53:20 | HUBO UN ERROR Cannot read property 'passport' of undefined
[31merror[39m |  Nov-23-2021 11:56:38 | HUBO UN ERROR Cannot read property 'passport' of undefined
[31merror[39m |  Nov-23-2021 11:56:38 | HUBO UN ERROR Cannot read property 'passport' of undefined
[31merror[39m |  Nov-23-2021 11:56:38 | HUBO UN ERROR Cannot read property 'passport' of undefined
[31merror[39m |  Nov-23-2021 12:50:38 | HUBO UN ERROR Cannot read property 'passport' of undefined
[31merror[39m |  Nov-23-2021 12:51:08 | HUBO UN ERROR Cannot read property 'passport' of undefined
[31merror[39m |  Nov-23-2021 12:51:32 | HUBO UN ERROR Cannot read property 'passport' of undefined
[31merror[39m |  Nov-23-2021 12:52:42 | HUBO UN ERROR Cannot read property 'passport' of undefined
[31merror[39m |  Nov-23-2021 12:53:18 | HUBO UN ERROR Cannot read property 'passport' of undefined
[31merror[39m |  Nov-23-2021 12:53:42 | HUBO UN ERROR Cannot read property 'passport' of undefined
[31merror[39m |  Nov-23-2021 12:54:06 | HUBO UN ERROR Cannot read property 'passport' of undefined
[31merror[39m |  Nov-23-2021 12:54:23 | HUBO UN ERROR Cannot read property 'passport' of undefined
[31merror[39m |  Nov-23-2021 12:54:39 | HUBO UN ERROR Cannot read property 'passport' of undefined
[31merror[39m |  Nov-23-2021 13:00:31 | HUBO UN ERROR Cannot read property 'passport' of undefined
[31merror[39m |  Nov-23-2021 13:00:49 | HUBO UN ERROR Cannot read property 'passport' of undefined
[31merror[39m |  Nov-23-2021 14:00:26 | HUBO UN ERROR Cannot read property 'passport' of undefined
[31merror[39m |  Nov-23-2021 14:00:27 | HUBO UN ERROR Cannot read property 'passport' of undefined
[31merror[39m |  Nov-23-2021 14:00:29 | HUBO UN ERROR Cannot read property 'passport' of undefined
[31merror[39m |  Nov-23-2021 14:00:29 | HUBO UN ERROR Cannot read property 'passport' of undefined
[31merror[39m |  Nov-23-2021 14:00:29 | HUBO UN ERROR Cannot read property 'passport' of undefined
[31merror[39m |  Nov-23-2021 14:00:29 | HUBO UN ERROR Cannot read property 'passport' of undefined
[31merror[39m |  Nov-23-2021 14:00:29 | HUBO UN ERROR Cannot read property 'passport' of undefined
[31merror[39m |  Nov-23-2021 14:00:48 | HUBO UN ERROR Cannot read property 'passport' of undefined
[31merror[39m |  Nov-23-2021 14:00:48 | HUBO UN ERROR Cannot read property 'passport' of undefined
[31merror[39m |  Nov-23-2021 14:00:49 | HUBO UN ERROR Cannot read property 'passport' of undefined
[31merror[39m |  Nov-23-2021 14:00:49 | HUBO UN ERROR Cannot read property 'passport' of undefined
[31merror[39m |  Nov-23-2021 14:00:49 | HUBO UN ERROR Cannot read property 'passport' of undefined
[31merror[39m |  Nov-23-2021 14:00:49 | HUBO UN ERROR Cannot read property 'passport' of undefined
[31merror[39m |  Nov-23-2021 14:00:49 | HUBO UN ERROR Cannot read property 'passport' of undefined
[31merror[39m |  Nov-23-2021 14:00:49 | HUBO UN ERROR Cannot read property 'passport' of undefined
[31merror[39m |  Nov-23-2021 14:01:15 | HUBO UN ERROR Cannot read property 'passport' of undefined
[31merror[39m |  Nov-23-2021 14:02:25 | HUBO UN ERROR Cannot read property 'passport' of undefined
[31merror[39m |  Nov-23-2021 14:02:27 | HUBO UN ERROR Cannot read property 'passport' of undefined
[31merror[39m |  Nov-23-2021 14:02:28 | HUBO UN ERROR Cannot read property 'passport' of undefined
[31merror[39m |  Nov-23-2021 14:02:34 | HUBO UN ERROR Cannot read property 'passport' of undefined
[31merror[39m |  Nov-23-2021 14:02:36 | HUBO UN ERROR Cannot read property 'passport' of undefined
[31merror[39m |  Nov-23-2021 14:16:22 | HUBO UN ERROR Cannot read property 'passport' of undefined
[31merror[39m |  Nov-23-2021 14:17:02 | HUBO UN ERROR Cannot read property 'passport' of undefined
[31merror[39m |  Nov-23-2021 15:43:20 | HUBO UN ERROR Unexpected token , in JSON at position 1
[31merror[39m |  Nov-23-2021 15:43:23 | HUBO UN ERROR Unexpected token , in JSON at position 1
[31merror[39m |  Nov-23-2021 16:31:25 | HUBO UN ERROR Unexpected token } in JSON at position 27
[31merror[39m |  Nov-23-2021 16:31:34 | HUBO UN ERROR Unexpected token } in JSON at position 27
